  Map.cpp
C:\Users\Aleksei\source\repos\ConsoleApplicationSFML\ConsoleApplicationSFML\Map.cpp(142,9): warning C4244: +=: преобразование "float" в "int", возможна потеря данных
C:\Users\Aleksei\source\repos\ConsoleApplicationSFML\ConsoleApplicationSFML\Map.cpp(144,8): warning C4244: +=: преобразование "float" в "int", возможна потеря данных
C:\Users\Aleksei\source\repos\ConsoleApplicationSFML\ConsoleApplicationSFML\Map.cpp(264,75): warning C4244: аргумент: преобразование "int" в "T", возможна потеря данных
C:\Users\Aleksei\source\repos\ConsoleApplicationSFML\ConsoleApplicationSFML\Map.cpp(264,75): warning C4244:         with
C:\Users\Aleksei\source\repos\ConsoleApplicationSFML\ConsoleApplicationSFML\Map.cpp(264,75): warning C4244:         [
C:\Users\Aleksei\source\repos\ConsoleApplicationSFML\ConsoleApplicationSFML\Map.cpp(264,75): warning C4244:             T=float
C:\Users\Aleksei\source\repos\ConsoleApplicationSFML\ConsoleApplicationSFML\Map.cpp(264,75): warning C4244:         ]
C:\Users\Aleksei\source\repos\ConsoleApplicationSFML\ConsoleApplicationSFML\Map.cpp(264,42): warning C4244: аргумент: преобразование "int" в "T", возможна потеря данных
C:\Users\Aleksei\source\repos\ConsoleApplicationSFML\ConsoleApplicationSFML\Map.cpp(264,42): warning C4244:         with
C:\Users\Aleksei\source\repos\ConsoleApplicationSFML\ConsoleApplicationSFML\Map.cpp(264,42): warning C4244:         [
C:\Users\Aleksei\source\repos\ConsoleApplicationSFML\ConsoleApplicationSFML\Map.cpp(264,42): warning C4244:             T=float
C:\Users\Aleksei\source\repos\ConsoleApplicationSFML\ConsoleApplicationSFML\Map.cpp(264,42): warning C4244:         ]
C:\Users\Aleksei\source\repos\ConsoleApplicationSFML\ConsoleApplicationSFML\Map.cpp(302,64): warning C4244: аргумент: преобразование "size_t" в "T", возможна потеря данных
C:\Users\Aleksei\source\repos\ConsoleApplicationSFML\ConsoleApplicationSFML\Map.cpp(302,64): warning C4244:         with
C:\Users\Aleksei\source\repos\ConsoleApplicationSFML\ConsoleApplicationSFML\Map.cpp(302,64): warning C4244:         [
C:\Users\Aleksei\source\repos\ConsoleApplicationSFML\ConsoleApplicationSFML\Map.cpp(302,64): warning C4244:             T=float
C:\Users\Aleksei\source\repos\ConsoleApplicationSFML\ConsoleApplicationSFML\Map.cpp(302,64): warning C4244:         ]
C:\Users\Aleksei\source\repos\ConsoleApplicationSFML\ConsoleApplicationSFML\Map.cpp(302,49): warning C4244: аргумент: преобразование "size_t" в "T", возможна потеря данных
C:\Users\Aleksei\source\repos\ConsoleApplicationSFML\ConsoleApplicationSFML\Map.cpp(302,49): warning C4244:         with
C:\Users\Aleksei\source\repos\ConsoleApplicationSFML\ConsoleApplicationSFML\Map.cpp(302,49): warning C4244:         [
C:\Users\Aleksei\source\repos\ConsoleApplicationSFML\ConsoleApplicationSFML\Map.cpp(302,49): warning C4244:             T=float
C:\Users\Aleksei\source\repos\ConsoleApplicationSFML\ConsoleApplicationSFML\Map.cpp(302,49): warning C4244:         ]
C:\Users\Aleksei\source\repos\ConsoleApplicationSFML\ConsoleApplicationSFML\Map.cpp(331,23): warning C4018: <: несоответствие типов со знаком и без знака
C:\Users\Aleksei\source\repos\ConsoleApplicationSFML\ConsoleApplicationSFML\Map.cpp(336,23): warning C4018: <: несоответствие типов со знаком и без знака
C:\Users\Aleksei\source\repos\ConsoleApplicationSFML\ConsoleApplicationSFML\Map.cpp(386,64): warning C4244: аргумент: преобразование "int" в "T", возможна потеря данных
C:\Users\Aleksei\source\repos\ConsoleApplicationSFML\ConsoleApplicationSFML\Map.cpp(386,64): warning C4244:         with
C:\Users\Aleksei\source\repos\ConsoleApplicationSFML\ConsoleApplicationSFML\Map.cpp(386,64): warning C4244:         [
C:\Users\Aleksei\source\repos\ConsoleApplicationSFML\ConsoleApplicationSFML\Map.cpp(386,64): warning C4244:             T=float
C:\Users\Aleksei\source\repos\ConsoleApplicationSFML\ConsoleApplicationSFML\Map.cpp(386,64): warning C4244:         ]
C:\Users\Aleksei\source\repos\ConsoleApplicationSFML\ConsoleApplicationSFML\Map.cpp(386,46): warning C4244: аргумент: преобразование "int" в "T", возможна потеря данных
C:\Users\Aleksei\source\repos\ConsoleApplicationSFML\ConsoleApplicationSFML\Map.cpp(386,46): warning C4244:         with
C:\Users\Aleksei\source\repos\ConsoleApplicationSFML\ConsoleApplicationSFML\Map.cpp(386,46): warning C4244:         [
C:\Users\Aleksei\source\repos\ConsoleApplicationSFML\ConsoleApplicationSFML\Map.cpp(386,46): warning C4244:             T=float
C:\Users\Aleksei\source\repos\ConsoleApplicationSFML\ConsoleApplicationSFML\Map.cpp(386,46): warning C4244:         ]
C:\Users\Aleksei\source\repos\ConsoleApplicationSFML\ConsoleApplicationSFML\Map.cpp(391,75): warning C4244: аргумент: преобразование "int" в "T", возможна потеря данных
C:\Users\Aleksei\source\repos\ConsoleApplicationSFML\ConsoleApplicationSFML\Map.cpp(391,75): warning C4244:         with
C:\Users\Aleksei\source\repos\ConsoleApplicationSFML\ConsoleApplicationSFML\Map.cpp(391,75): warning C4244:         [
C:\Users\Aleksei\source\repos\ConsoleApplicationSFML\ConsoleApplicationSFML\Map.cpp(391,75): warning C4244:             T=float
C:\Users\Aleksei\source\repos\ConsoleApplicationSFML\ConsoleApplicationSFML\Map.cpp(391,75): warning C4244:         ]
C:\Users\Aleksei\source\repos\ConsoleApplicationSFML\ConsoleApplicationSFML\Map.cpp(391,57): warning C4244: аргумент: преобразование "int" в "T", возможна потеря данных
C:\Users\Aleksei\source\repos\ConsoleApplicationSFML\ConsoleApplicationSFML\Map.cpp(391,57): warning C4244:         with
C:\Users\Aleksei\source\repos\ConsoleApplicationSFML\ConsoleApplicationSFML\Map.cpp(391,57): warning C4244:         [
C:\Users\Aleksei\source\repos\ConsoleApplicationSFML\ConsoleApplicationSFML\Map.cpp(391,57): warning C4244:             T=float
C:\Users\Aleksei\source\repos\ConsoleApplicationSFML\ConsoleApplicationSFML\Map.cpp(391,57): warning C4244:         ]
C:\Users\Aleksei\source\repos\ConsoleApplicationSFML\ConsoleApplicationSFML\Map.cpp(527,23): warning C4018: <: несоответствие типов со знаком и без знака
C:\Users\Aleksei\source\repos\ConsoleApplicationSFML\ConsoleApplicationSFML\Map.cpp(529,15): warning C4244: инициализация: преобразование "T" в "int", возможна потеря данных
C:\Users\Aleksei\source\repos\ConsoleApplicationSFML\ConsoleApplicationSFML\Map.cpp(529,15): warning C4244:         with
C:\Users\Aleksei\source\repos\ConsoleApplicationSFML\ConsoleApplicationSFML\Map.cpp(529,15): warning C4244:         [
C:\Users\Aleksei\source\repos\ConsoleApplicationSFML\ConsoleApplicationSFML\Map.cpp(529,15): warning C4244:             T=float
C:\Users\Aleksei\source\repos\ConsoleApplicationSFML\ConsoleApplicationSFML\Map.cpp(529,15): warning C4244:         ]
C:\Users\Aleksei\source\repos\ConsoleApplicationSFML\ConsoleApplicationSFML\Map.cpp(530,15): warning C4244: инициализация: преобразование "T" в "int", возможна потеря данных
C:\Users\Aleksei\source\repos\ConsoleApplicationSFML\ConsoleApplicationSFML\Map.cpp(530,15): warning C4244:         with
C:\Users\Aleksei\source\repos\ConsoleApplicationSFML\ConsoleApplicationSFML\Map.cpp(530,15): warning C4244:         [
C:\Users\Aleksei\source\repos\ConsoleApplicationSFML\ConsoleApplicationSFML\Map.cpp(530,15): warning C4244:             T=float
C:\Users\Aleksei\source\repos\ConsoleApplicationSFML\ConsoleApplicationSFML\Map.cpp(530,15): warning C4244:         ]
C:\Users\Aleksei\source\repos\ConsoleApplicationSFML\ConsoleApplicationSFML\Map.cpp(539,23): warning C4018: <: несоответствие типов со знаком и без знака
C:\Users\Aleksei\source\repos\ConsoleApplicationSFML\ConsoleApplicationSFML\Map.cpp(524,6): warning C4101: ySector: неиспользованная локальная переменная
C:\Users\Aleksei\source\repos\ConsoleApplicationSFML\ConsoleApplicationSFML\Map.cpp(523,6): warning C4101: xSector: неиспользованная локальная переменная
C:\Users\Aleksei\source\repos\ConsoleApplicationSFML\ConsoleApplicationSFML\DynamicSparseSet.h(68,15): warning C4018: <: несоответствие типов со знаком и без знака
  (компиляция исходного файла "Map.cpp")
      C:\Users\Aleksei\source\repos\ConsoleApplicationSFML\ConsoleApplicationSFML\DynamicSparseSet.h(68,15):
      контекст создания экземпляра шаблона (сначала самый старый)
          C:\Users\Aleksei\source\repos\ConsoleApplicationSFML\ConsoleApplicationSFML\Map.h(54,25):
          выполняется компиляция ссылки на экземпляр класс шаблон функции "DynamicSparseSet<int>"
          C:\Users\Aleksei\source\repos\ConsoleApplicationSFML\ConsoleApplicationSFML\DynamicSparseSet.h(67,1):
          во время компиляции функции-члена класс шаблон "bool DynamicSparseSet<int>::contains(int)"
              C:\Users\Aleksei\source\repos\ConsoleApplicationSFML\ConsoleApplicationSFML\Map.cpp(216,8):
              см. первую ссылку на DynamicSparseSet<int>::contains "Map::queryHashMap"
  
C:\Users\Aleksei\source\repos\ConsoleApplicationSFML\ConsoleApplicationSFML\DynamicSparseSet.h(97,12): warning C4018: >=: несоответствие типов со знаком и без знака
  (компиляция исходного файла "Map.cpp")
      C:\Users\Aleksei\source\repos\ConsoleApplicationSFML\ConsoleApplicationSFML\DynamicSparseSet.h(97,12):
      контекст создания экземпляра шаблона (сначала самый старый)
          C:\Users\Aleksei\source\repos\ConsoleApplicationSFML\ConsoleApplicationSFML\DynamicSparseSet.h(33,1):
          во время компиляции функции-члена класс шаблон "void DynamicSparseSet<int>::insert(int,T &)"
          with
          [
              T=int
          ]
              C:\Users\Aleksei\source\repos\ConsoleApplicationSFML\ConsoleApplicationSFML\Map.cpp(217,29):
              см. первую ссылку на DynamicSparseSet<int>::insert "Map::queryHashMap"
          C:\Users\Aleksei\source\repos\ConsoleApplicationSFML\ConsoleApplicationSFML\DynamicSparseSet.h(96,1):
          во время компиляции функции-члена класс шаблон "void DynamicSparseSet<int>::ensureCapacity(int)"
  
  ConsoleApplicationSFML.vcxproj -> C:\Users\Aleksei\source\repos\ConsoleApplicationSFML\Debug\ConsoleApplicationSFML.exe
